TN:
SF:src/revista.ts
FN:27,(anonymous_0)
FN:35,(anonymous_1)
FN:42,(anonymous_2)
FN:49,(anonymous_3)
FN:56,(anonymous_4)
FN:64,(anonymous_5)
FN:76,(anonymous_6)
FN:89,(anonymous_7)
FN:90,(anonymous_8)
FN:97,(anonymous_9)
FNF:10
FNH:10
FNDA:2,(anonymous_0)
FNDA:4,(anonymous_1)
FNDA:1,(anonymous_2)
FNDA:1,(anonymous_3)
FNDA:1,(anonymous_4)
FNDA:3,(anonymous_5)
FNDA:2,(anonymous_6)
FNDA:3,(anonymous_7)
FNDA:3,(anonymous_8)
FNDA:2,(anonymous_9)
DA:16,1
DA:27,2
DA:28,2
DA:29,2
DA:36,4
DA:43,1
DA:50,1
DA:57,1
DA:65,3
DA:66,0
DA:68,3
DA:77,2
DA:78,2
DA:79,0
DA:81,2
DA:90,3
DA:98,2
DA:99,2
LF:18
LH:16
BRDA:65,0,0,0
BRDA:65,0,1,3
BRDA:78,1,0,0
BRDA:78,1,1,2
BRF:4
BRH:2
end_of_record
TN:
SF:src/suscriptor.ts
FN:21,(anonymous_0)
FN:27,(anonymous_1)
FN:34,(anonymous_2)
FN:43,(anonymous_3)
FNF:4
FNH:4
FNDA:3,(anonymous_0)
FNDA:2,(anonymous_1)
FNDA:1,(anonymous_2)
FNDA:4,(anonymous_3)
DA:1,1
DA:14,1
DA:21,3
DA:28,2
DA:35,1
DA:44,4
DA:45,4
LF:7
LH:7
BRDA:44,0,0,4
BRDA:44,0,1,0
BRF:2
BRH:1
end_of_record
